2025-06-23 13:22:38 | INFO | 
2025-06-23 13:22:38 | INFO | Training started. Mode: MO.
2025-06-23 13:22:38 | INFO | Step #1 Loading data...
2025-06-23 13:23:14 | INFO | Other data mapped from AX format to Apple Watch.
2025-06-23 13:23:15 | INFO | All data Loaded: Movement: 3034, Other: 2139
2025-06-23 13:23:15 | INFO | Movement shape: (3034, 100, 3), Other shape: (2139, 100, 3)
2025-06-23 13:23:15 | INFO | ----------------------------------------------------

2025-06-23 13:23:15 | INFO | Step #2 Data Augmenting...
2025-06-23 13:23:15 | INFO | Data Augmentation Completed: 6068 samples with 2 unique labels.
2025-06-23 13:23:15 | INFO | ----------------------------------------------------

2025-06-23 13:23:15 | INFO | Step #3 Feature Extraction...
2025-06-23 13:23:16 | INFO | Feature Extraction Completed: Extracted 14 features from 6068 samples.
2025-06-23 13:23:16 | INFO | ----------------------------------------------------

2025-06-23 13:23:16 | INFO | Step #4 Data Processing...
2025-06-23 13:23:16 | INFO | Data Processing Completed: Training set size: (4854, 14), Test set size: (1214, 14)
2025-06-23 13:23:16 | INFO | ----------------------------------------------------

2025-06-23 13:23:16 | INFO | Step #5 Dimensionality Reduction...
2025-06-23 13:23:16 | INFO | Dimensionality Reduction Completed: Reduced features from 14 to 7 dimensions.
2025-06-23 13:23:16 | INFO | ----------------------------------------------------

2025-06-23 13:23:16 | INFO | Step #6 Training and Evaluation...
2025-06-23 13:23:19 | INFO | Training and Evaluation Completed. Best Model: mlp with accuracy 1.00.
2025-06-23 13:23:19 | INFO | 
Step #7 Generating confusion matrix comparison...
2025-06-23 13:23:20 | INFO | 
Script last run at 2025-06-23 13:23:20
2025-06-23 13:23:20 | SUCCESS | Pipeline completed successfully!
2025-06-23 13:43:54 | INFO     | __main__:main:81 - Training started. Mode: MO.
2025-06-23 13:43:54 | INFO     | __main__:main:82 - ----------------------------------------------------
2025-06-23 13:43:54 | INFO     | __main__:main:103 - Step #1 Loading data...
2025-06-23 13:43:56 | ERROR    | transform:transform_data:161 - 转换数据时发生错误: Input X contains NaN.
MLPRegressor does not accept missing values encoded as NaN natively. For supervised learning, you might want to consider sklearn.ensemble.HistGradientBoostingClassifier and Regressor which accept missing values encoded as NaNs natively. Alternatively, it is possible to preprocess the data, for instance by using an imputer transformer in a pipeline or drop samples with missing values. See https://scikit-learn.org/stable/modules/impute.html You can find a list of all estimators that handle NaN values at the following page: https://scikit-learn.org/stable/modules/impute.html#estimators-that-handle-nan-values
2025-06-23 13:43:56 | INFO     | __main__:main:114 - Other data mapped from AX format to Apple Watch.
2025-06-23 13:43:57 | INFO     | __main__:main:131 - All data Loaded: Movement: 3034, Other: 0
2025-06-23 13:43:57 | INFO     | __main__:main:132 - Movement shape: (3034, 100, 3), Other shape: (0,)
2025-06-23 13:43:57 | INFO     | __main__:main:133 - ----------------------------------------------------

2025-06-23 13:43:57 | INFO     | __main__:main:137 - Step #2 Data Augmenting...
2025-06-23 13:47:30 | INFO     | __main__:main:81 - Training started. Mode: MO.
2025-06-23 13:47:30 | INFO     | __main__:main:82 - ----------------------------------------------------
2025-06-23 13:47:30 | INFO     | __main__:main:103 - Step #1 Loading data...
2025-06-23 13:47:32 | INFO     | __main__:main:132 - All data Loaded: Movement: 3034, Other: 37
2025-06-23 13:47:32 | INFO     | __main__:main:133 - Movement shape: (3034, 100, 3), Other shape: (37, 100, 3)
2025-06-23 13:47:32 | INFO     | __main__:main:134 - ----------------------------------------------------

2025-06-23 13:47:32 | INFO     | __main__:main:138 - Step #2 Data Augmenting...
2025-06-23 13:47:33 | INFO     | __main__:main:140 - Data Augmentation Completed: 6068 samples with 2 unique labels.
2025-06-23 13:47:33 | INFO     | __main__:main:141 - ----------------------------------------------------

2025-06-23 13:47:33 | INFO     | __main__:main:145 - Step #3 Feature Extraction...
2025-06-23 13:47:35 | INFO     | __main__:main:147 - Feature Extraction Completed: Extracted 14 features from 6068 samples.
2025-06-23 13:47:35 | INFO     | __main__:main:148 - ----------------------------------------------------

2025-06-23 13:47:35 | INFO     | __main__:main:152 - Step #4 Data Processing...
2025-06-23 13:47:35 | INFO     | __main__:main:156 - Data Processing Completed: Training set size: (4854, 14), Test set size: (1214, 14)
2025-06-23 13:47:35 | INFO     | __main__:main:157 - ----------------------------------------------------

2025-06-23 13:47:35 | INFO     | __main__:main:161 - Step #5 Dimensionality Reduction...
2025-06-23 13:47:35 | INFO     | __main__:main:163 - Dimensionality Reduction Completed: Reduced features from 14 to 7 dimensions.
2025-06-23 13:47:35 | INFO     | __main__:main:164 - ----------------------------------------------------

2025-06-23 13:47:35 | INFO     | __main__:main:172 - Step #6 Training and Evaluation...
2025-06-23 13:47:40 | INFO     | __main__:main:178 - Training and Evaluation Completed. Best Model: mlp with accuracy 1.00.
2025-06-23 13:47:40 | INFO     | __main__:main:181 - 
Step #7 Generating confusion matrix comparison...
2025-06-23 13:47:41 | INFO     | __main__:main:188 - 
Script last run at 2025-06-23 13:47:41
2025-06-23 13:47:41 | SUCCESS  | __main__:<module>:210 - Pipeline completed successfully!
2025-06-23 13:58:13 | INFO     | __main__:main:81 - Training started. Mode: MO.
2025-06-23 13:58:13 | INFO     | __main__:main:82 - ----------------------------------------------------
2025-06-23 13:58:13 | INFO     | __main__:main:103 - Step #1 Loading data...
2025-06-23 13:58:15 | INFO     | __main__:main:132 - All data Loaded: Movement: 3034, Other: 37
2025-06-23 13:58:15 | INFO     | __main__:main:133 - Movement shape: (3034, 100, 3), Other shape: (37, 100, 3)
2025-06-23 13:58:15 | INFO     | __main__:main:134 - ----------------------------------------------------

2025-06-23 13:58:15 | INFO     | __main__:main:138 - Step #2 Data Augmenting...
2025-06-23 13:58:16 | INFO     | dataAugmenter.augment_data:augment_data_MO:62 - Class distribution after balancing: Counter({'M': 3034, 'O': 3034})
2025-06-23 13:58:16 | INFO     | dataAugmenter.augment_data:augment_data_MO:66 - Balanced data saved as cache.
2025-06-23 13:58:16 | INFO     | __main__:main:140 - Data Augmentation Completed: 6068 samples with 2 unique labels.
2025-06-23 13:58:16 | INFO     | __main__:main:141 - ----------------------------------------------------

2025-06-23 13:58:16 | INFO     | __main__:main:145 - Step #3 Feature Extraction...
2025-06-23 13:58:18 | INFO     | __main__:main:147 - Feature Extraction Completed: Extracted 14 features from 6068 samples.
2025-06-23 13:58:18 | INFO     | __main__:main:148 - ----------------------------------------------------

2025-06-23 13:58:18 | INFO     | __main__:main:152 - Step #4 Data Processing...
2025-06-23 13:58:18 | INFO     | dataTransformer.encoder:encode:22 - Encoder: {'M': 0, 'O': 1}
2025-06-23 13:58:18 | INFO     | dataTransformer.encoder:encode:25 - Encoder saved to /Users/yufeng/Library/CloudStorage/OneDrive-ImperialCollegeLondon/IC/70007 Individual Project/MTWO/old_cache/label_encoder.pkl.
2025-06-23 13:58:18 | INFO     | dataTransformer.scaler:scale:24 - Scaler saved to /Users/yufeng/Library/CloudStorage/OneDrive-ImperialCollegeLondon/IC/70007 Individual Project/MTWO/old_cache/scaler.joblib.
2025-06-23 13:58:18 | INFO     | __main__:main:156 - Data Processing Completed: Training set size: (4854, 14), Test set size: (1214, 14)
2025-06-23 13:58:18 | INFO     | __main__:main:157 - ----------------------------------------------------

2025-06-23 13:58:18 | INFO     | __main__:main:161 - Step #5 Dimensionality Reduction...
2025-06-23 13:58:18 | INFO     | dataTransformer.PCA:apply_pca:29 - Number of features after PCA: 7
2025-06-23 13:58:18 | INFO     | dataTransformer.PCA:pca:45 - PCA model saved to /Users/yufeng/Library/CloudStorage/OneDrive-ImperialCollegeLondon/IC/70007 Individual Project/MTWO/old_cache/pca_model.joblib.
2025-06-23 13:58:18 | INFO     | dataTransformer.PCA:pca:58 - Explained variance ratio: [0.5869162  0.08364495 0.07925295 0.0689743  0.06072882 0.05000822
 0.03599274]
2025-06-23 13:58:18 | INFO     | dataTransformer.PCA:pca:59 - Total explained variance: 0.9655181755757231
2025-06-23 13:58:18 | INFO     | __main__:main:163 - Dimensionality Reduction Completed: Reduced features from 14 to 7 dimensions.
2025-06-23 13:58:18 | INFO     | __main__:main:164 - ----------------------------------------------------

2025-06-23 13:58:18 | INFO     | __main__:main:172 - Step #6 Training and Evaluation...
2025-06-23 13:58:23 | SUCCESS  | __main__:main:178 - Training and Evaluation Completed. Best Model: mlp with accuracy 1.00.
2025-06-23 13:58:23 | INFO     | __main__:main:181 - 
Step #7 Generating confusion matrix comparison...
2025-06-23 13:58:24 | SUCCESS  | __main__:<module>:207 - Pipeline completed successfully!
2025-06-23 14:04:21 | INFO     | __main__:main:81 - Training started. Mode: MO.
2025-06-23 14:04:21 | INFO     | __main__:main:82 - ----------------------------------------------------
2025-06-23 14:04:21 | INFO     | __main__:main:103 - Step #1 Loading data...
2025-06-23 14:04:23 | SUCCESS  | __main__:main:132 - All data Loaded: Movement: 3034, Other: 37
2025-06-23 14:04:23 | SUCCESS  | __main__:main:133 - Movement shape: (3034, 100, 3), Other shape: (37, 100, 3)
2025-06-23 14:04:23 | INFO     | __main__:main:136 - Step #2 Data Augmenting...
2025-06-23 14:04:24 | INFO     | dataAugmenter.augment_data:augment_data_MO:62 - Class distribution after balancing: Counter({'M': 3034, 'O': 3034})
2025-06-23 14:04:24 | INFO     | dataAugmenter.augment_data:augment_data_MO:66 - Balanced data saved as cache.
2025-06-23 14:04:24 | SUCCESS  | __main__:main:138 - Data Augmentation Completed: 6068 samples with 2 unique labels.
2025-06-23 14:04:24 | INFO     | __main__:main:142 - Step #3 Feature Extraction...
2025-06-23 14:04:24 | INFO     | featureExtractor.extract_features:extract_features:52 - Extracting features from data...
2025-06-23 14:04:27 | SUCCESS  | __main__:main:144 - Feature Extraction Completed: Extracted 14 features from 6068 samples.
2025-06-23 14:04:27 | INFO     | __main__:main:147 - Step #4 Data Processing...
2025-06-23 14:04:27 | INFO     | dataTransformer.encoder:encode:22 - Encoder: {'M': 0, 'O': 1}
2025-06-23 14:04:27 | INFO     | dataTransformer.encoder:encode:25 - Encoder saved to /Users/yufeng/Library/CloudStorage/OneDrive-ImperialCollegeLondon/IC/70007 Individual Project/MTWO/old_cache/label_encoder.pkl.
2025-06-23 14:04:27 | INFO     | dataTransformer.scaler:scale:24 - Scaler saved to /Users/yufeng/Library/CloudStorage/OneDrive-ImperialCollegeLondon/IC/70007 Individual Project/MTWO/old_cache/scaler.joblib.
2025-06-23 14:04:27 | SUCCESS  | __main__:main:151 - Data Processing Completed: Training set size: (4854, 14), Test set size: (1214, 14)
2025-06-23 14:04:27 | INFO     | __main__:main:155 - Step #5 Dimensionality Reduction...
2025-06-23 14:04:27 | INFO     | dataTransformer.PCA:apply_pca:29 - Number of features after PCA: 7
2025-06-23 14:04:27 | INFO     | dataTransformer.PCA:pca:45 - PCA model saved to /Users/yufeng/Library/CloudStorage/OneDrive-ImperialCollegeLondon/IC/70007 Individual Project/MTWO/old_cache/pca_model.joblib.
2025-06-23 14:04:27 | INFO     | dataTransformer.PCA:pca:58 - Explained variance ratio: [0.58649952 0.08253814 0.080143   0.06970255 0.05997165 0.04979239
 0.0360649 ]
2025-06-23 14:04:27 | INFO     | dataTransformer.PCA:pca:59 - Total explained variance: 0.9647121370826839
2025-06-23 14:04:27 | SUCCESS  | __main__:main:157 - Dimensionality Reduction Completed: Reduced features from 14 to 7 dimensions.
2025-06-23 14:04:27 | INFO     | __main__:main:166 - Step #6 Training and Evaluation...
2025-06-23 14:04:31 | SUCCESS  | __main__:main:172 - Training and Evaluation Completed. Best Model: mlp with accuracy 1.00.
2025-06-23 14:04:31 | INFO     | __main__:main:175 - Step #7 Generating confusion matrix comparison...
2025-06-23 14:04:32 | SUCCESS  | __main__:<module>:201 - Pipeline completed successfully!
2025-06-23 14:21:51 | INFO     | dataAugmenter.augment_data:augment_data_MO:64 - Class distribution after balancing: Counter({'M': 3034, 'O': 3034})
2025-06-23 14:21:51 | INFO     | dataAugmenter.augment_data:augment_data_MO:68 - Balanced data saved as cache.
2025-06-23 14:32:04 | INFO     | dataAugmenter.augment_data:augment_data_MO:64 - Class distribution after balancing: Counter({'M': 3034, 'O': 3034})
2025-06-23 14:32:04 | INFO     | dataAugmenter.augment_data:augment_data_MO:68 - Balanced data saved as cache.
2025-06-23 14:32:05 | INFO     | dataAugmenter.augment_data:visualize_augmentation_comparison:208 - Visualization saved to /Users/yufeng/Library/CloudStorage/OneDrive-ImperialCollegeLondon/IC/70007 Individual Project/MTWO/old_cache/augmentation_comparison_MO_full.png
2025-06-23 14:45:10 | INFO     | dataAugmenter.augment_data:visualize_augmentation_comparison:213 - === Augmentation Statistics ===
2025-06-23 14:45:10 | INFO     | dataAugmenter.augment_data:visualize_augmentation_comparison:214 - Original movement data shape: (3034, 100, 3)
2025-06-23 14:45:10 | INFO     | dataAugmenter.augment_data:visualize_augmentation_comparison:215 - Original other data shape: (37, 100, 3)
2025-06-23 14:45:10 | INFO     | dataAugmenter.augment_data:visualize_augmentation_comparison:216 - Balanced data shape: (6068, 100, 3)
2025-06-23 14:45:10 | INFO     | dataAugmenter.augment_data:visualize_augmentation_comparison:217 - Original class distribution: Counter({'M': 3034, 'O': 37})
2025-06-23 14:45:10 | INFO     | dataAugmenter.augment_data:visualize_augmentation_comparison:218 - Balanced class distribution: Counter({'M': 3034, 'O': 3034})
2025-06-23 14:45:30 | INFO     | dataAugmenter.augment_data:augment_data_MO:64 - Class distribution after balancing: Counter({'M': 3034, 'O': 3034})
2025-06-23 14:45:30 | INFO     | dataAugmenter.augment_data:augment_data_MO:68 - Balanced data saved as cache.
2025-06-23 14:45:31 | INFO     | dataAugmenter.augment_data:visualize_augmentation_comparison:208 - Visualization saved to /Users/yufeng/Library/CloudStorage/OneDrive-ImperialCollegeLondon/IC/70007 Individual Project/MTWO/old_cache/augmentation_comparison_MO_full.png
2025-06-23 14:46:57 | INFO     | dataAugmenter.augment_data:visualize_augmentation_comparison:213 - === Augmentation Statistics ===
2025-06-23 14:46:57 | INFO     | dataAugmenter.augment_data:visualize_augmentation_comparison:214 - Original movement data shape: (3034, 100, 3)
2025-06-23 14:46:57 | INFO     | dataAugmenter.augment_data:visualize_augmentation_comparison:215 - Original other data shape: (37, 100, 3)
2025-06-23 14:46:57 | INFO     | dataAugmenter.augment_data:visualize_augmentation_comparison:216 - Balanced data shape: (6068, 100, 3)
2025-06-23 14:46:57 | INFO     | dataAugmenter.augment_data:visualize_augmentation_comparison:217 - Original class distribution: Counter({'M': 3034, 'O': 37})
2025-06-23 14:46:57 | INFO     | dataAugmenter.augment_data:visualize_augmentation_comparison:218 - Balanced class distribution: Counter({'M': 3034, 'O': 3034})
2025-06-23 15:28:58 | INFO     | __main__:main:80 - Training started. Mode: MO.
2025-06-23 15:28:58 | INFO     | __main__:main:81 - ----------------------------------------------------
2025-06-23 15:28:58 | INFO     | __main__:main:102 - Training started. Mode: MO.
2025-06-23 15:28:58 | INFO     | __main__:main:103 - Step #1 Loading data...
2025-06-23 15:51:49 | INFO     | dataAugmenter.augment_data:augment_data_MO:64 - Class distribution after balancing: Counter({'M': 3034, 'O': 3034})
2025-06-23 15:51:49 | INFO     | dataAugmenter.augment_data:augment_data_MO:68 - Balanced data saved as cache.
2025-06-23 16:08:00 | INFO     | __main__:<module>:207 - Original data shape: Movement: (3034, 100, 3), Other: (37, 100, 3), Combined: (3071, 100, 3)
2025-06-23 16:08:00 | INFO     | dataAugmenter.augment_data:augment_data_MO:64 - Class distribution after balancing: Counter({'M': 3034, 'O': 3034})
2025-06-23 16:08:00 | INFO     | dataAugmenter.augment_data:augment_data_MO:68 - Balanced data saved as cache.
2025-06-23 16:08:00 | INFO     | __main__:<module>:211 - Augmented data shape: (6068, 100, 3)
2025-06-23 16:08:02 | INFO     | dataAugmenter.augment_data:visualize_augmentation_comparison:240 - Visualization saved to /Users/yufeng/Library/CloudStorage/OneDrive-ImperialCollegeLondon/IC/70007 Individual Project/MTWO/old_cache/movement_other_augmentation_comparison_MO_segment.png
2025-06-23 16:08:02 | INFO     | dataAugmenter.augment_data:visualize_augmentation_comparison:243 - === Movement vs Other Augmentation Statistics ===
2025-06-23 16:08:02 | INFO     | dataAugmenter.augment_data:visualize_augmentation_comparison:244 - Original data shape: (3071, 100, 3)
2025-06-23 16:08:02 | INFO     | dataAugmenter.augment_data:visualize_augmentation_comparison:245 - Augmented data shape: (6068, 100, 3)
2025-06-23 16:08:02 | INFO     | dataAugmenter.augment_data:visualize_augmentation_comparison:246 - Original class distribution: Counter({'O': 1536, 'M': 1535})
2025-06-23 16:08:02 | INFO     | dataAugmenter.augment_data:visualize_augmentation_comparison:247 - Augmented class distribution: Counter({'M': 3034, 'O': 3034})
2025-06-23 16:08:02 | INFO     | dataAugmenter.augment_data:visualize_augmentation_comparison:255 - Class M: Original=200, Augmented=200, Ratio=1.00
2025-06-23 16:14:19 | INFO     | __main__:<module>:212 - Original data shape: Movement: (3034, 100, 3), Other: (37, 100, 3), Combined: (3071, 100, 3)
2025-06-23 16:14:20 | INFO     | dataAugmenter.augment_data:augment_data_MO:64 - Class distribution after balancing: Counter({'M': 3034, 'O': 3034})
2025-06-23 16:14:20 | INFO     | dataAugmenter.augment_data:augment_data_MO:68 - Balanced data saved as cache.
2025-06-23 16:14:20 | INFO     | __main__:<module>:216 - Augmented data shape: (6068, 100, 3)
2025-06-23 16:14:21 | INFO     | dataAugmenter.augment_data:visualize_augmentation_comparison:211 - Visualization saved to /Users/yufeng/Library/CloudStorage/OneDrive-ImperialCollegeLondon/IC/70007 Individual Project/MTWO/old_cache/movement_other_augmentation_comparison_MO_segment.png
2025-06-23 16:14:21 | INFO     | dataAugmenter.augment_data:visualize_augmentation_comparison:214 - === Movement vs Other Augmentation Statistics ===
2025-06-23 16:14:21 | INFO     | dataAugmenter.augment_data:visualize_augmentation_comparison:215 - Original data shape: (3071, 100, 3)
2025-06-23 16:14:21 | INFO     | dataAugmenter.augment_data:visualize_augmentation_comparison:216 - Augmented data shape: (6068, 100, 3)
2025-06-23 16:14:21 | INFO     | dataAugmenter.augment_data:visualize_augmentation_comparison:217 - Original class distribution: Counter({'M': 3034, 'O': 37})
2025-06-23 16:14:21 | INFO     | dataAugmenter.augment_data:visualize_augmentation_comparison:218 - Augmented class distribution: Counter({'M': 3034, 'O': 3034})
2025-06-23 16:14:21 | INFO     | dataAugmenter.augment_data:visualize_augmentation_comparison:226 - Class M: Original=200, Augmented=200, Ratio=1.00
2025-06-23 16:15:07 | INFO     | __main__:<module>:212 - Original data shape: Movement: (3034, 100, 3), Other: (37, 100, 3), Combined: (3071, 100, 3)
2025-06-23 16:15:07 | INFO     | dataAugmenter.augment_data:augment_data_MO:64 - Class distribution after balancing: Counter({'M': 3034, 'O': 3034})
2025-06-23 16:15:07 | INFO     | dataAugmenter.augment_data:augment_data_MO:68 - Balanced data saved as cache.
2025-06-23 16:15:07 | INFO     | __main__:<module>:216 - Augmented data shape: (6068, 100, 3)
2025-06-23 16:15:08 | INFO     | dataAugmenter.augment_data:visualize_augmentation_comparison:211 - Visualization saved to /Users/yufeng/Library/CloudStorage/OneDrive-ImperialCollegeLondon/IC/70007 Individual Project/MTWO/old_cache/movement_other_augmentation_comparison_MO_full.png
2025-06-23 16:15:08 | INFO     | dataAugmenter.augment_data:visualize_augmentation_comparison:214 - === Movement vs Other Augmentation Statistics ===
2025-06-23 16:15:08 | INFO     | dataAugmenter.augment_data:visualize_augmentation_comparison:215 - Original data shape: (3071, 100, 3)
2025-06-23 16:15:08 | INFO     | dataAugmenter.augment_data:visualize_augmentation_comparison:216 - Augmented data shape: (6068, 100, 3)
2025-06-23 16:15:08 | INFO     | dataAugmenter.augment_data:visualize_augmentation_comparison:217 - Original class distribution: Counter({'M': 3034, 'O': 37})
2025-06-23 16:15:08 | INFO     | dataAugmenter.augment_data:visualize_augmentation_comparison:218 - Augmented class distribution: Counter({'M': 3034, 'O': 3034})
2025-06-23 16:15:08 | INFO     | dataAugmenter.augment_data:visualize_augmentation_comparison:226 - Class M: Original=3034, Augmented=3034, Ratio=1.00
2025-06-23 16:15:08 | INFO     | dataAugmenter.augment_data:visualize_augmentation_comparison:226 - Class O: Original=37, Augmented=3034, Ratio=82.00
2025-06-23 16:44:33 | INFO     | __main__:<module>:212 - Original data shape: Movement: (3034, 100, 3), Other: (37, 100, 3), Combined: (3071, 100, 3)
2025-06-23 16:44:33 | INFO     | dataAugmenter.augment_data:augment_data_MO:64 - Class distribution after balancing: Counter({'M': 3034, 'O': 3034})
2025-06-23 16:44:33 | INFO     | dataAugmenter.augment_data:augment_data_MO:68 - Balanced data saved as cache.
2025-06-23 16:44:33 | INFO     | __main__:<module>:216 - Augmented data shape: (6068, 100, 3)
2025-06-23 16:44:33 | INFO     | dataAugmenter.augment_data:visualize_augmentation_comparison:102 - Data shapes - Original: (3071, 100, 3), Augmented: (6068, 100, 3)
2025-06-23 16:44:33 | INFO     | dataAugmenter.augment_data:visualize_augmentation_comparison:104 - Original data time steps: 100
2025-06-23 16:44:33 | INFO     | dataAugmenter.augment_data:visualize_augmentation_comparison:106 - Augmented data time steps: 100
2025-06-23 16:44:33 | INFO     | dataAugmenter.augment_data:visualize_augmentation_comparison:191 - Original sample 0 shape for class M: (100, 3)
2025-06-23 16:44:33 | INFO     | dataAugmenter.augment_data:visualize_augmentation_comparison:220 - Augmented sample 0 shape for class M: (100, 3)
2025-06-23 16:44:34 | INFO     | dataAugmenter.augment_data:visualize_augmentation_comparison:244 - Visualization saved to /Users/yufeng/Library/CloudStorage/OneDrive-ImperialCollegeLondon/IC/70007 Individual Project/MTWO/old_cache/movement_other_augmentation_comparison_MO_full.png
2025-06-23 16:44:34 | INFO     | dataAugmenter.augment_data:visualize_augmentation_comparison:247 - === Movement vs Other Augmentation Statistics ===
2025-06-23 16:44:34 | INFO     | dataAugmenter.augment_data:visualize_augmentation_comparison:248 - Original data shape: (3071, 100, 3)
2025-06-23 16:44:34 | INFO     | dataAugmenter.augment_data:visualize_augmentation_comparison:249 - Augmented data shape: (6068, 100, 3)
2025-06-23 16:44:34 | INFO     | dataAugmenter.augment_data:visualize_augmentation_comparison:250 - Original class distribution: Counter({'M': 3034, 'O': 37})
2025-06-23 16:44:34 | INFO     | dataAugmenter.augment_data:visualize_augmentation_comparison:251 - Augmented class distribution: Counter({'M': 3034, 'O': 3034})
2025-06-23 16:44:34 | INFO     | dataAugmenter.augment_data:visualize_augmentation_comparison:259 - Class M: Original=3034, Augmented=3034, Ratio=1.00
2025-06-23 16:44:34 | INFO     | dataAugmenter.augment_data:visualize_augmentation_comparison:259 - Class O: Original=37, Augmented=3034, Ratio=82.00
2025-06-23 16:55:41 | INFO     | __main__:<module>:212 - Original data shape: Movement: (3034, 100, 3), Other: (37, 100, 3), Combined: (3071, 100, 3)
2025-06-23 16:55:41 | INFO     | dataAugmenter.augment_data:augment_data_MO:66 - Class distribution after balancing: Counter({'M': 3034, 'O': 3034})
2025-06-23 16:55:41 | INFO     | dataAugmenter.augment_data:augment_data_MO:70 - Balanced data saved as cache.
2025-06-23 16:55:41 | INFO     | __main__:<module>:216 - Augmented data shape: (6068, 100, 3)
2025-06-23 16:55:41 | INFO     | dataAugmenter.augment_data:visualize_augmentation_comparison:104 - Data shapes - Original: (3071, 100, 3), Augmented: (6068, 100, 3)
2025-06-23 16:55:41 | DEBUG    | dataAugmenter.augment_data:visualize_augmentation_comparison:106 - Original data time steps: 100
2025-06-23 16:55:41 | DEBUG    | dataAugmenter.augment_data:visualize_augmentation_comparison:108 - Augmented data time steps: 100
2025-06-23 16:55:42 | INFO     | dataAugmenter.augment_data:visualize_augmentation_comparison:193 - Original sample 0 shape for class M: (100, 3)
2025-06-23 16:55:42 | INFO     | dataAugmenter.augment_data:visualize_augmentation_comparison:222 - Augmented sample 0 shape for class M: (100, 3)
2025-06-23 16:55:43 | INFO     | dataAugmenter.augment_data:visualize_augmentation_comparison:246 - Visualization saved to /Users/yufeng/Library/CloudStorage/OneDrive-ImperialCollegeLondon/IC/70007 Individual Project/MTWO/old_cache/movement_other_augmentation_comparison_MO_full.png
2025-06-23 16:55:43 | INFO     | dataAugmenter.augment_data:visualize_augmentation_comparison:249 - === Movement vs Other Augmentation Statistics ===
2025-06-23 16:55:43 | INFO     | dataAugmenter.augment_data:visualize_augmentation_comparison:250 - Original data shape: (3071, 100, 3)
2025-06-23 16:55:43 | INFO     | dataAugmenter.augment_data:visualize_augmentation_comparison:251 - Augmented data shape: (6068, 100, 3)
2025-06-23 16:55:43 | INFO     | dataAugmenter.augment_data:visualize_augmentation_comparison:252 - Original class distribution: Counter({'M': 3034, 'O': 37})
2025-06-23 16:55:43 | INFO     | dataAugmenter.augment_data:visualize_augmentation_comparison:253 - Augmented class distribution: Counter({'M': 3034, 'O': 3034})
2025-06-23 16:55:43 | INFO     | dataAugmenter.augment_data:visualize_augmentation_comparison:261 - Class M: Original=3034, Augmented=3034, Ratio=1.00
2025-06-23 16:55:43 | INFO     | dataAugmenter.augment_data:visualize_augmentation_comparison:261 - Class O: Original=37, Augmented=3034, Ratio=82.00
2025-06-23 17:05:03 | INFO     | __main__:<module>:214 - Original data shape: Movement: (3034, 100, 3), Other: (37, 100, 3), Combined: (3071, 100, 3)
2025-06-23 17:05:03 | INFO     | dataAugmenter.augment_data:augment_data_MO:66 - Class distribution after balancing: Counter({'M': 3034, 'O': 3034})
2025-06-23 17:05:03 | INFO     | dataAugmenter.augment_data:augment_data_MO:70 - Balanced data saved as cache.
2025-06-23 17:05:03 | INFO     | __main__:<module>:218 - Augmented data shape: (6068, 100, 3)
2025-06-23 17:05:03 | INFO     | dataAugmenter.augment_data:visualize_augmentation_comparison:103 - Data shapes - Original: (3071, 100, 3), Augmented: (6068, 100, 3)
2025-06-23 17:05:04 | INFO     | dataAugmenter.augment_data:visualize_augmentation_comparison:266 - Visualization saved to /Users/yufeng/Library/CloudStorage/OneDrive-ImperialCollegeLondon/IC/70007 Individual Project/MTWO/old_cache/movement_other_augmentation_comparison_MO_full_quantity_focus.png
2025-06-23 17:05:04 | INFO     | dataAugmenter.augment_data:visualize_augmentation_comparison:269 - === Data Augmentation Quantity Analysis ===
2025-06-23 17:05:04 | INFO     | dataAugmenter.augment_data:visualize_augmentation_comparison:270 - Original data shape: (3071, 100, 3)
2025-06-23 17:05:04 | INFO     | dataAugmenter.augment_data:visualize_augmentation_comparison:271 - Augmented data shape: (6068, 100, 3)
2025-06-23 17:05:04 | INFO     | dataAugmenter.augment_data:visualize_augmentation_comparison:272 - Total samples increase: 2997 (+97.6%)
2025-06-23 17:05:04 | INFO     | dataAugmenter.augment_data:visualize_augmentation_comparison:273 - 
2025-06-23 17:05:04 | INFO     | dataAugmenter.augment_data:visualize_augmentation_comparison:274 - Per-class quantity changes:
2025-06-23 17:05:04 | INFO     | dataAugmenter.augment_data:visualize_augmentation_comparison:282 -   M: 3034 → 3034 (+0, 1.0x, +0.0%)
2025-06-23 17:05:04 | INFO     | dataAugmenter.augment_data:visualize_augmentation_comparison:282 -   O: 37 → 3034 (+2997, 82.0x, +8100.0%)
2025-06-23 17:32:20 | INFO     | __main__:<module>:214 - Original data shape: Movement: (3034, 100, 3), Other: (40, 100, 3), Combined: (3074, 100, 3)
2025-06-23 17:32:20 | INFO     | dataAugmenter.augment_data:augment_data_MO:66 - Class distribution after balancing: Counter({'M': 3034, 'O': 3034})
2025-06-23 17:32:20 | INFO     | dataAugmenter.augment_data:augment_data_MO:70 - Balanced data saved as cache.
2025-06-23 17:32:20 | INFO     | __main__:<module>:218 - Augmented data shape: (6068, 100, 3)
2025-06-23 17:32:20 | INFO     | dataAugmenter.augment_data:visualize_augmentation_comparison:104 - Data shapes - Original: (3074, 100, 3), Augmented: (6068, 100, 3)
2025-06-23 17:32:20 | DEBUG    | dataAugmenter.augment_data:visualize_augmentation_comparison:106 - Original data time steps: 100
2025-06-23 17:32:20 | DEBUG    | dataAugmenter.augment_data:visualize_augmentation_comparison:108 - Augmented data time steps: 100
2025-06-23 17:32:21 | INFO     | dataAugmenter.augment_data:visualize_augmentation_comparison:193 - Original sample 0 shape for class M: (100, 3)
2025-06-23 17:32:21 | INFO     | dataAugmenter.augment_data:visualize_augmentation_comparison:222 - Augmented sample 0 shape for class M: (100, 3)
2025-06-23 17:32:22 | INFO     | dataAugmenter.augment_data:visualize_augmentation_comparison:246 - Visualization saved to /Users/yufeng/Library/CloudStorage/OneDrive-ImperialCollegeLondon/IC/70007 Individual Project/MTWO/old_cache/movement_other_augmentation_comparison_MO_full.png
2025-06-23 17:32:22 | INFO     | dataAugmenter.augment_data:visualize_augmentation_comparison:249 - === Movement vs Other Augmentation Statistics ===
2025-06-23 17:32:22 | INFO     | dataAugmenter.augment_data:visualize_augmentation_comparison:250 - Original data shape: (3074, 100, 3)
2025-06-23 17:32:22 | INFO     | dataAugmenter.augment_data:visualize_augmentation_comparison:251 - Augmented data shape: (6068, 100, 3)
2025-06-23 17:32:22 | INFO     | dataAugmenter.augment_data:visualize_augmentation_comparison:252 - Original class distribution: Counter({'M': 3034, 'O': 40})
2025-06-23 17:32:22 | INFO     | dataAugmenter.augment_data:visualize_augmentation_comparison:253 - Augmented class distribution: Counter({'M': 3034, 'O': 3034})
2025-06-23 17:32:22 | INFO     | dataAugmenter.augment_data:visualize_augmentation_comparison:261 - Class M: Original=3034, Augmented=3034, Ratio=1.00
2025-06-23 17:32:22 | INFO     | dataAugmenter.augment_data:visualize_augmentation_comparison:261 - Class O: Original=40, Augmented=3034, Ratio=75.85
2025-06-23 17:33:18 | INFO     | __main__:main:80 - Training started. Mode: MO.
2025-06-23 17:33:18 | INFO     | __main__:main:81 - ----------------------------------------------------
2025-06-23 17:33:18 | INFO     | __main__:main:102 - Step #1 Loading data...
2025-06-23 17:33:20 | SUCCESS  | __main__:main:131 - All data Loaded: Movement: 3034, Other: 40
2025-06-23 17:33:20 | SUCCESS  | __main__:main:132 - Movement shape: (3034, 100, 3), Other shape: (40, 100, 3)
2025-06-23 17:33:20 | INFO     | __main__:main:135 - Step #2 Data Augmenting...
2025-06-23 17:33:20 | INFO     | dataAugmenter.augment_data:augment_data_MO:66 - Class distribution after balancing: Counter({'M': 3034, 'O': 3034})
2025-06-23 17:33:20 | INFO     | dataAugmenter.augment_data:augment_data_MO:70 - Balanced data saved as cache.
2025-06-23 17:33:20 | SUCCESS  | __main__:main:137 - Data Augmentation Completed: 6068 samples with 2 unique labels.
2025-06-23 17:33:20 | INFO     | __main__:main:142 - Step #3 Feature Extraction...
2025-06-23 17:33:20 | INFO     | featureExtractor.extract_features:extract_features:55 - Extracting features from data...
2025-06-23 17:33:23 | SUCCESS  | __main__:main:144 - Feature Extraction Completed: Extracted 14 features from 6068 samples.
2025-06-23 17:33:23 | INFO     | __main__:main:147 - Step #4 Data Processing...
2025-06-23 17:33:23 | INFO     | dataTransformer.encoder:encode:24 - Encoder: {'M': 0, 'O': 1}
2025-06-23 17:33:23 | INFO     | dataTransformer.encoder:encode:27 - Encoder saved to /Users/yufeng/Library/CloudStorage/OneDrive-ImperialCollegeLondon/IC/70007 Individual Project/MTWO/old_cache/label_encoder.pkl.
2025-06-23 17:33:23 | INFO     | dataTransformer.scaler:scale:26 - Scaler saved to /Users/yufeng/Library/CloudStorage/OneDrive-ImperialCollegeLondon/IC/70007 Individual Project/MTWO/old_cache/scaler.joblib.
2025-06-23 17:33:23 | SUCCESS  | __main__:main:151 - Data Processing Completed: Training set size: (4854, 14), Test set size: (1214, 14)
2025-06-23 17:33:23 | INFO     | __main__:main:155 - Step #5 Dimensionality Reduction...
2025-06-23 17:33:23 | INFO     | dataTransformer.PCA:apply_pca:31 - Number of features after PCA: 7
2025-06-23 17:33:23 | INFO     | dataTransformer.PCA:pca:47 - PCA model saved to /Users/yufeng/Library/CloudStorage/OneDrive-ImperialCollegeLondon/IC/70007 Individual Project/MTWO/old_cache/pca_model.joblib.
2025-06-23 17:33:23 | INFO     | dataTransformer.PCA:pca:60 - Explained variance ratio: [0.591053   0.08468147 0.07861714 0.06931806 0.05621053 0.05052928
 0.03575575]
2025-06-23 17:33:23 | INFO     | dataTransformer.PCA:pca:61 - Total explained variance: 0.9661652228109107
2025-06-23 17:33:23 | SUCCESS  | __main__:main:157 - Dimensionality Reduction Completed: Reduced features from 14 to 7 dimensions.
2025-06-23 17:33:23 | INFO     | __main__:main:166 - Step #6 Training and Evaluation...
2025-06-23 17:33:28 | SUCCESS  | __main__:main:172 - Training and Evaluation Completed. Best Model: mlp with accuracy 1.00.
2025-06-23 17:33:28 | INFO     | __main__:main:175 - Step #7 Generating confusion matrix comparison...
2025-06-23 17:33:29 | SUCCESS  | __main__:main:181 - Pipeline completed successfully!
