2025-07-22 21:47:51 | INFO     | __main__:load_lab_file:35 - Loading lab data from: /Users/yufeng/Library/CloudStorage/OneDrive-ImperialCollegeLondon/IC/70007 Individual Project/Data/lying_data/ID001 Lying01.c3d.ontrackclassifier.joblib
2025-07-22 21:49:08 | SUCCESS  | __main__:load_lab_file:35 - Loading lab data from: /Users/yufeng/Library/CloudStorage/OneDrive-ImperialCollegeLondon/IC/70007 Individual Project/Data/lying_data/ID001 Lying01.c3d.ontrackclassifier.joblib
2025-07-22 22:01:07 | SUCCESS  | __main__:load_lab_file:35 - Loading lab data from: /Users/yufeng/Library/CloudStorage/OneDrive-ImperialCollegeLondon/IC/70007 Individual Project/Data/lying_data/L05 Lying01.c3d.ontrackclassifier.joblib
2025-07-22 22:01:08 | WARNING  | __main__:load_lab_file:43 - Using right leg data from lab file
2025-07-22 22:01:08 | INFO     | __main__:load_lab_file:56 - Applying Butterworth filter to lab data...
2025-07-22 22:03:57 | INFO     | __main__:load_lab_file:35 - Loading lab data from: /Users/yufeng/Library/CloudStorage/OneDrive-ImperialCollegeLondon/IC/70007 Individual Project/Data/lying_data/L05 Lying01.c3d.ontrackclassifier.joblib
2025-07-22 22:03:58 | WARNING  | __main__:load_lab_file:43 - Using right leg data from lab file
2025-07-22 22:03:58 | INFO     | __main__:load_lab_file:56 - Applying Butterworth filter to lab data...
2025-07-22 22:07:10 | INFO     | __main__:load_lab_file:35 - Loading lab data from: /Users/yufeng/Library/CloudStorage/OneDrive-ImperialCollegeLondon/IC/70007 Individual Project/Data/lying_data/L05 Lying01.c3d.ontrackclassifier.joblib
2025-07-22 22:07:11 | WARNING  | __main__:load_lab_file:43 - Using right leg data from lab file
2025-07-22 22:07:11 | INFO     | __main__:load_lab_file:56 - Applying Butterworth filter to lab data...
2025-07-22 22:07:46 | INFO     | __main__:load_lab_file:35 - Loading lab data from: /Users/yufeng/Library/CloudStorage/OneDrive-ImperialCollegeLondon/IC/70007 Individual Project/Data/lying_data/L05 Lying01.c3d.ontrackclassifier.joblib
2025-07-22 22:07:47 | WARNING  | __main__:load_lab_file:43 - Using right leg data from lab file
2025-07-22 22:07:47 | INFO     | __main__:load_lab_file:56 - Applying Butterworth filter to lab data...
2025-07-22 22:37:04 | INFO     | __main__:load_lab_file:35 - Loading lab data from: /Users/yufeng/Library/CloudStorage/OneDrive-ImperialCollegeLondon/IC/70007 Individual Project/Data/lying_data/L05 Lying01.c3d.ontrackclassifier.joblib
2025-07-22 22:37:04 | WARNING  | __main__:load_lab_file:43 - Using right leg data from lab file
2025-07-22 22:37:04 | INFO     | __main__:load_lab_file:56 - Applying Butterworth filter to lab data...
2025-07-22 22:37:04 | INFO     | __main__:load_aw_file:79 - Loading Apple Watch data from: /Users/yufeng/Library/CloudStorage/OneDrive-ImperialCollegeLondon/IC/70007 Individual Project/Data/lying_data/GERF-L-D524-M3-S0043.csv
2025-07-22 23:04:00 | INFO     | __main__:load_lab_file:35 - Loading lab data from: /Users/yufeng/Library/CloudStorage/OneDrive-ImperialCollegeLondon/IC/70007 Individual Project/Data/lying_data/L05 Lying01.c3d.ontrackclassifier.joblib
2025-07-22 23:04:01 | WARNING  | __main__:load_lab_file:43 - Using right leg data from lab file
2025-07-22 23:04:01 | INFO     | __main__:load_lab_file:56 - Applying Butterworth filter to lab data...
2025-07-22 23:04:01 | INFO     | __main__:load_aw_file:79 - Loading Apple Watch data from: /Users/yufeng/Library/CloudStorage/OneDrive-ImperialCollegeLondon/IC/70007 Individual Project/Data/lying_data/GERF-R-D524-M3-S0044.csv
2025-07-22 23:04:01 | INFO     | __main__:load_aw_file:96 - Applying Butterworth filter to Apple Watch data...
2025-07-22 23:06:44 | INFO     | __main__:load_lab_file:35 - Loading lab data from: /Users/yufeng/Library/CloudStorage/OneDrive-ImperialCollegeLondon/IC/70007 Individual Project/Data/lying_data/L05 Lying01.c3d.ontrackclassifier.joblib
2025-07-22 23:06:45 | WARNING  | __main__:load_lab_file:43 - Using right leg data from lab file
2025-07-22 23:06:45 | INFO     | __main__:load_lab_file:56 - Applying Butterworth filter to lab data...
2025-07-22 23:06:45 | INFO     | __main__:load_aw_file:79 - Loading Apple Watch data from: /Users/yufeng/Library/CloudStorage/OneDrive-ImperialCollegeLondon/IC/70007 Individual Project/Data/lying_data/GERF-R-D524-M3-S0044.csv
2025-07-22 23:06:45 | INFO     | __main__:load_aw_file:96 - Applying Butterworth filter to Apple Watch data...
2025-07-22 23:07:26 | INFO     | __main__:load_lab_file:35 - Loading lab data from: /Users/yufeng/Library/CloudStorage/OneDrive-ImperialCollegeLondon/IC/70007 Individual Project/Data/lying_data/L05 Lying01.c3d.ontrackclassifier.joblib
2025-07-22 23:07:27 | WARNING  | __main__:load_lab_file:43 - Using right leg data from lab file
2025-07-22 23:07:27 | INFO     | __main__:load_lab_file:56 - Applying Butterworth filter to lab data...
2025-07-22 23:07:27 | INFO     | __main__:load_aw_file:79 - Loading Apple Watch data from: /Users/yufeng/Library/CloudStorage/OneDrive-ImperialCollegeLondon/IC/70007 Individual Project/Data/lying_data/GERF-R-D524-M3-S0044.csv
2025-07-22 23:07:27 | INFO     | __main__:load_aw_file:96 - Applying Butterworth filter to Apple Watch data...
2025-07-22 23:07:58 | INFO     | __main__:load_lab_file:35 - Loading lab data from: /Users/yufeng/Library/CloudStorage/OneDrive-ImperialCollegeLondon/IC/70007 Individual Project/Data/lying_data/L05 Lying01.c3d.ontrackclassifier.joblib
2025-07-22 23:07:59 | WARNING  | __main__:load_lab_file:43 - Using right leg data from lab file
2025-07-22 23:07:59 | INFO     | __main__:load_lab_file:56 - Applying Butterworth filter to lab data...
2025-07-22 23:07:59 | INFO     | __main__:load_aw_file:79 - Loading Apple Watch data from: /Users/yufeng/Library/CloudStorage/OneDrive-ImperialCollegeLondon/IC/70007 Individual Project/Data/lying_data/GERF-R-D524-M3-S0044.csv
2025-07-22 23:07:59 | INFO     | __main__:load_aw_file:96 - Applying Butterworth filter to Apple Watch data...
2025-07-22 23:09:25 | INFO     | __main__:load_lab_file:35 - Loading lab data from: /Users/yufeng/Library/CloudStorage/OneDrive-ImperialCollegeLondon/IC/70007 Individual Project/Data/lying_data/L05 Lying01.c3d.ontrackclassifier.joblib
2025-07-22 23:09:26 | WARNING  | __main__:load_lab_file:43 - Using right leg data from lab file
2025-07-22 23:09:26 | INFO     | __main__:load_lab_file:56 - Applying Butterworth filter to lab data...
2025-07-22 23:09:26 | INFO     | __main__:load_aw_file:79 - Loading Apple Watch data from: /Users/yufeng/Library/CloudStorage/OneDrive-ImperialCollegeLondon/IC/70007 Individual Project/Data/lying_data/GERF-R-D524-M3-S0044.csv
2025-07-22 23:09:26 | INFO     | __main__:load_aw_file:96 - Applying Butterworth filter to Apple Watch data...
2025-07-22 23:16:04 | INFO     | __main__:load_lab_file:35 - Loading lab data from: /Users/yufeng/Library/CloudStorage/OneDrive-ImperialCollegeLondon/IC/70007 Individual Project/Data/lying_data/L05 Lying01.c3d.ontrackclassifier.joblib
2025-07-22 23:16:05 | WARNING  | __main__:load_lab_file:43 - Using right leg data from lab file
2025-07-22 23:16:05 | INFO     | __main__:load_lab_file:56 - Applying Butterworth filter to lab data...
2025-07-22 23:16:05 | INFO     | __main__:load_aw_file:79 - Loading Apple Watch data from: /Users/yufeng/Library/CloudStorage/OneDrive-ImperialCollegeLondon/IC/70007 Individual Project/Data/lying_data/GERF-L-D524-M3-S0041.csv
2025-07-22 23:16:05 | INFO     | __main__:load_aw_file:96 - Applying Butterworth filter to Apple Watch data...
2025-07-22 23:17:49 | INFO     | __main__:load_lab_file:35 - Loading lab data from: /Users/yufeng/Library/CloudStorage/OneDrive-ImperialCollegeLondon/IC/70007 Individual Project/Data/lying_data/L05 Lying01.c3d.ontrackclassifier.joblib
2025-07-22 23:17:50 | WARNING  | __main__:load_lab_file:43 - Using right leg data from lab file
2025-07-22 23:17:50 | INFO     | __main__:load_lab_file:56 - Applying Butterworth filter to lab data...
2025-07-22 23:17:50 | INFO     | __main__:load_aw_file:79 - Loading Apple Watch data from: /Users/yufeng/Library/CloudStorage/OneDrive-ImperialCollegeLondon/IC/70007 Individual Project/Data/lying_data/GERF-L-D524-M3-S0041.csv
2025-07-22 23:17:50 | INFO     | __main__:load_aw_file:96 - Applying Butterworth filter to Apple Watch data...
2025-07-22 23:18:06 | INFO     | __main__:load_lab_file:35 - Loading lab data from: /Users/yufeng/Library/CloudStorage/OneDrive-ImperialCollegeLondon/IC/70007 Individual Project/Data/lying_data/L05 Lying01.c3d.ontrackclassifier.joblib
2025-07-22 23:18:07 | WARNING  | __main__:load_lab_file:43 - Using right leg data from lab file
2025-07-22 23:18:07 | INFO     | __main__:load_lab_file:56 - Applying Butterworth filter to lab data...
2025-07-22 23:18:07 | INFO     | __main__:load_aw_file:79 - Loading Apple Watch data from: /Users/yufeng/Library/CloudStorage/OneDrive-ImperialCollegeLondon/IC/70007 Individual Project/Data/lying_data/GERF-L-D524-M3-S0041.csv
2025-07-22 23:18:07 | INFO     | __main__:load_aw_file:96 - Applying Butterworth filter to Apple Watch data...
2025-07-22 23:18:59 | INFO     | __main__:load_lab_file:35 - Loading lab data from: /Users/yufeng/Library/CloudStorage/OneDrive-ImperialCollegeLondon/IC/70007 Individual Project/Data/lying_data/L05 Lying01.c3d.ontrackclassifier.joblib
2025-07-22 23:19:00 | WARNING  | __main__:load_lab_file:43 - Using right leg data from lab file
2025-07-22 23:19:00 | INFO     | __main__:load_lab_file:56 - Applying Butterworth filter to lab data...
2025-07-22 23:19:00 | INFO     | __main__:load_aw_file:79 - Loading Apple Watch data from: /Users/yufeng/Library/CloudStorage/OneDrive-ImperialCollegeLondon/IC/70007 Individual Project/Data/lying_data/GERF-L-D524-M3-S0041.csv
2025-07-22 23:19:00 | INFO     | __main__:load_aw_file:96 - Applying Butterworth filter to Apple Watch data...
2025-07-22 23:20:39 | INFO     | __main__:load_lab_file:35 - Loading lab data from: /Users/yufeng/Library/CloudStorage/OneDrive-ImperialCollegeLondon/IC/70007 Individual Project/Data/lying_data/L05 Lying01.c3d.ontrackclassifier.joblib
2025-07-22 23:20:39 | WARNING  | __main__:load_lab_file:43 - Using right leg data from lab file
2025-07-22 23:20:39 | INFO     | __main__:load_lab_file:56 - Applying Butterworth filter to lab data...
2025-07-22 23:20:39 | INFO     | __main__:load_aw_file:79 - Loading Apple Watch data from: /Users/yufeng/Library/CloudStorage/OneDrive-ImperialCollegeLondon/IC/70007 Individual Project/Data/lying_data/GERF-L-D524-M3-S0041.csv
2025-07-22 23:20:39 | INFO     | __main__:load_aw_file:96 - Applying Butterworth filter to Apple Watch data...
2025-07-22 23:21:09 | INFO     | __main__:load_lab_file:35 - Loading lab data from: /Users/yufeng/Library/CloudStorage/OneDrive-ImperialCollegeLondon/IC/70007 Individual Project/Data/lying_data/L05 Lying01.c3d.ontrackclassifier.joblib
2025-07-22 23:21:09 | WARNING  | __main__:load_lab_file:43 - Using right leg data from lab file
2025-07-22 23:21:09 | INFO     | __main__:load_lab_file:56 - Applying Butterworth filter to lab data...
2025-07-22 23:21:09 | INFO     | __main__:load_aw_file:79 - Loading Apple Watch data from: /Users/yufeng/Library/CloudStorage/OneDrive-ImperialCollegeLondon/IC/70007 Individual Project/Data/lying_data/GERF-L-D524-M3-S0041.csv
2025-07-22 23:21:09 | INFO     | __main__:load_aw_file:96 - Applying Butterworth filter to Apple Watch data...
2025-07-22 23:21:47 | INFO     | __main__:load_lab_file:35 - Loading lab data from: /Users/yufeng/Library/CloudStorage/OneDrive-ImperialCollegeLondon/IC/70007 Individual Project/Data/lying_data/L05 Lying01.c3d.ontrackclassifier.joblib
2025-07-22 23:21:48 | WARNING  | __main__:load_lab_file:43 - Using right leg data from lab file
2025-07-22 23:21:48 | INFO     | __main__:load_lab_file:56 - Applying Butterworth filter to lab data...
2025-07-22 23:21:48 | INFO     | __main__:load_aw_file:79 - Loading Apple Watch data from: /Users/yufeng/Library/CloudStorage/OneDrive-ImperialCollegeLondon/IC/70007 Individual Project/Data/lying_data/GERF-L-D524-M3-S0041.csv
2025-07-22 23:21:48 | INFO     | __main__:load_aw_file:96 - Applying Butterworth filter to Apple Watch data...
2025-07-22 23:24:32 | INFO     | __main__:load_lab_file:35 - Loading lab data from: /Users/yufeng/Library/CloudStorage/OneDrive-ImperialCollegeLondon/IC/70007 Individual Project/Data/lying_data/L05 Lying01.c3d.ontrackclassifier.joblib
2025-07-22 23:24:33 | WARNING  | __main__:load_lab_file:43 - Using right leg data from lab file
2025-07-22 23:24:33 | INFO     | __main__:load_lab_file:56 - Applying Butterworth filter to lab data...
2025-07-22 23:24:33 | INFO     | __main__:load_aw_file:79 - Loading Apple Watch data from: /Users/yufeng/Library/CloudStorage/OneDrive-ImperialCollegeLondon/IC/70007 Individual Project/Data/lying_data/GERF-L-D524-M3-S0041.csv
2025-07-22 23:24:33 | INFO     | __main__:load_aw_file:96 - Applying Butterworth filter to Apple Watch data...
2025-07-22 23:30:36 | INFO     | __main__:load_lab_file:35 - Loading lab data from: /Users/yufeng/Library/CloudStorage/OneDrive-ImperialCollegeLondon/IC/70007 Individual Project/Data/lying_data/L05 Lying01.c3d.ontrackclassifier.joblib
2025-07-22 23:30:37 | WARNING  | __main__:load_lab_file:43 - Using right leg data from lab file
2025-07-22 23:30:37 | INFO     | __main__:load_lab_file:56 - Applying Butterworth filter to lab data...
2025-07-22 23:30:37 | INFO     | __main__:load_aw_file:79 - Loading Apple Watch data from: /Users/yufeng/Library/CloudStorage/OneDrive-ImperialCollegeLondon/IC/70007 Individual Project/Data/lying_data/GERF-L-D524-M3-S0041.csv
2025-07-22 23:30:37 | INFO     | __main__:load_aw_file:96 - Applying Butterworth filter to Apple Watch data...
2025-07-22 23:31:39 | INFO     | __main__:load_lab_file:35 - Loading lab data from: /Users/yufeng/Library/CloudStorage/OneDrive-ImperialCollegeLondon/IC/70007 Individual Project/Data/lying_data/L05 Lying01.c3d.ontrackclassifier.joblib
2025-07-22 23:31:40 | WARNING  | __main__:load_lab_file:43 - Using right leg data from lab file
2025-07-22 23:31:40 | INFO     | __main__:load_lab_file:56 - Applying Butterworth filter to lab data...
2025-07-22 23:31:40 | INFO     | __main__:load_aw_file:79 - Loading Apple Watch data from: /Users/yufeng/Library/CloudStorage/OneDrive-ImperialCollegeLondon/IC/70007 Individual Project/Data/lying_data/GERF-L-D524-M3-S0041.csv
2025-07-22 23:31:40 | INFO     | __main__:load_aw_file:96 - Applying Butterworth filter to Apple Watch data...
2025-07-22 23:33:27 | INFO     | __main__:load_lab_file:35 - Loading lab data from: /Users/yufeng/Library/CloudStorage/OneDrive-ImperialCollegeLondon/IC/70007 Individual Project/Data/lying_data/L05 Lying01.c3d.ontrackclassifier.joblib
2025-07-22 23:33:27 | WARNING  | __main__:load_lab_file:43 - Using right leg data from lab file
2025-07-22 23:33:27 | INFO     | __main__:load_lab_file:56 - Applying Butterworth filter to lab data...
2025-07-22 23:33:27 | INFO     | __main__:load_aw_file:79 - Loading Apple Watch data from: /Users/yufeng/Library/CloudStorage/OneDrive-ImperialCollegeLondon/IC/70007 Individual Project/Data/lying_data/GERF-L-D524-M3-S0041.csv
2025-07-22 23:33:27 | INFO     | __main__:load_aw_file:96 - Applying Butterworth filter to Apple Watch data...
2025-07-22 23:34:24 | INFO     | __main__:load_lab_file:35 - Loading lab data from: /Users/yufeng/Library/CloudStorage/OneDrive-ImperialCollegeLondon/IC/70007 Individual Project/Data/lying_data/L05 Lying01.c3d.ontrackclassifier.joblib
2025-07-22 23:34:25 | WARNING  | __main__:load_lab_file:43 - Using right leg data from lab file
2025-07-22 23:34:25 | INFO     | __main__:load_lab_file:56 - Applying Butterworth filter to lab data...
2025-07-22 23:34:25 | INFO     | __main__:load_aw_file:79 - Loading Apple Watch data from: /Users/yufeng/Library/CloudStorage/OneDrive-ImperialCollegeLondon/IC/70007 Individual Project/Data/lying_data/GERF-L-D524-M3-S0041.csv
2025-07-22 23:34:25 | INFO     | __main__:load_aw_file:96 - Applying Butterworth filter to Apple Watch data...
